
*** Running vivado
    with args -log design_1_wrapper.vdi -applog -m64 -messageDb vivado.pb -mode batch -source design_1_wrapper.tcl -notrace

WARNING: Default location for XILINX_VIVADO_HLS not found: 

****** Vivado v2015.1 (64-bit)
  **** SW Build 1215546 on Mon Apr 27 19:07:21 MDT 2015
  **** IP Build 1209967 on Tue Apr 21 11:39:20 MDT 2015
    ** Copyright 1986-2015 Xilinx, Inc. All Rights Reserved.

source design_1_wrapper.tcl -notrace
Design is defaulting to srcset: sources_1
Design is defaulting to constrset: constrs_1
INFO: [Netlist 29-17] Analyzing 51 Unisim elements for replacement
INFO: [Netlist 29-28] Unisim Transformation completed in 0 CPU seconds
INFO: [Project 1-479] Netlist was created with Vivado 2015.1
INFO: [Device 21-403] Loading part xc7z010clg400-1
INFO: [Project 1-570] Preparing netlist for logic optimization
Parsing XDC File [/home/nolan/Documents/Vivado/project_1/project_1.srcs/sources_1/bd/design_1/ip/design_1_processing_system7_0_0/design_1_processing_system7_0_0.xdc] for cell 'design_1_i/processing_system7_0/inst'
WARNING: [Vivado 12-2489] -input_jitter contains time 2.446140 which will be rounded to 2.446 to ensure it is an integer multiple of 1 picosecond [/home/nolan/Documents/Vivado/project_1/project_1.srcs/sources_1/bd/design_1/ip/design_1_processing_system7_0_0/design_1_processing_system7_0_0.xdc:24]
Finished Parsing XDC File [/home/nolan/Documents/Vivado/project_1/project_1.srcs/sources_1/bd/design_1/ip/design_1_processing_system7_0_0/design_1_processing_system7_0_0.xdc] for cell 'design_1_i/processing_system7_0/inst'
Parsing XDC File [/home/nolan/Documents/Vivado/project_1/project_1.srcs/sources_1/bd/design_1/ip/design_1_rst_processing_system7_0_100M_0/design_1_rst_processing_system7_0_100M_0_board.xdc] for cell 'design_1_i/rst_processing_system7_0_100M'
Finished Parsing XDC File [/home/nolan/Documents/Vivado/project_1/project_1.srcs/sources_1/bd/design_1/ip/design_1_rst_processing_system7_0_100M_0/design_1_rst_processing_system7_0_100M_0_board.xdc] for cell 'design_1_i/rst_processing_system7_0_100M'
Parsing XDC File [/home/nolan/Documents/Vivado/project_1/project_1.srcs/sources_1/bd/design_1/ip/design_1_rst_processing_system7_0_100M_0/design_1_rst_processing_system7_0_100M_0.xdc] for cell 'design_1_i/rst_processing_system7_0_100M'
Finished Parsing XDC File [/home/nolan/Documents/Vivado/project_1/project_1.srcs/sources_1/bd/design_1/ip/design_1_rst_processing_system7_0_100M_0/design_1_rst_processing_system7_0_100M_0.xdc] for cell 'design_1_i/rst_processing_system7_0_100M'
Parsing XDC File [/home/nolan/Documents/Vivado/project_1/project_1.srcs/sources_1/bd/design_1/ip/design_1_axi_gpio_0_0/design_1_axi_gpio_0_0_board.xdc] for cell 'design_1_i/axi_gpio_0/U0'
Finished Parsing XDC File [/home/nolan/Documents/Vivado/project_1/project_1.srcs/sources_1/bd/design_1/ip/design_1_axi_gpio_0_0/design_1_axi_gpio_0_0_board.xdc] for cell 'design_1_i/axi_gpio_0/U0'
Parsing XDC File [/home/nolan/Documents/Vivado/project_1/project_1.srcs/sources_1/bd/design_1/ip/design_1_axi_gpio_0_0/design_1_axi_gpio_0_0.xdc] for cell 'design_1_i/axi_gpio_0/U0'
Finished Parsing XDC File [/home/nolan/Documents/Vivado/project_1/project_1.srcs/sources_1/bd/design_1/ip/design_1_axi_gpio_0_0/design_1_axi_gpio_0_0.xdc] for cell 'design_1_i/axi_gpio_0/U0'
Parsing XDC File [/home/nolan/Documents/Vivado/project_1/project_1.srcs/constrs_1/imports/Downloads/ZYBO_Master.xdc]
Finished Parsing XDC File [/home/nolan/Documents/Vivado/project_1/project_1.srcs/constrs_1/imports/Downloads/ZYBO_Master.xdc]
INFO: [Opt 31-138] Pushed 0 inverter(s) to 0 load pin(s).
INFO: [Project 1-111] Unisim Transformation Summary:
No Unisim elements were transformed.

link_design: Time (s): cpu = 00:00:05 ; elapsed = 00:00:05 . Memory (MB): peak = 1215.301 ; gain = 237.867 ; free physical = 532 ; free virtual = 3177
Command: opt_design
Attempting to get a license for feature 'Implementation' and/or device 'xc7z010'
INFO: [Common 17-349] Got license for feature 'Implementation' and/or device 'xc7z010'
Running DRC as a precondition to command opt_design

Starting DRC Task
INFO: [DRC 23-27] Running DRC with 4 threads
INFO: [Project 1-461] DRC finished with 0 Errors
INFO: [Project 1-462] Please refer to the DRC report (report_drc) for more information.

Time (s): cpu = 00:00:00.13 ; elapsed = 00:00:00.12 . Memory (MB): peak = 1224.312 ; gain = 8.000 ; free physical = 528 ; free virtual = 3173
INFO: [Timing 38-35] Done setting XDC timing constraints.

Starting Logic Optimization Task

Phase 1 Retarget

INFO: [Opt 31-138] Pushed 0 inverter(s) to 0 load pin(s).
INFO: [Opt 31-49] Retargeted 0 cell(s).
Phase 1 Retarget | Checksum: 14a6d2569

Time (s): cpu = 00:00:00.16 ; elapsed = 00:00:00.15 . Memory (MB): peak = 1666.820 ; gain = 1.000 ; free physical = 176 ; free virtual = 2836

Phase 2 Constant Propagation
INFO: [Opt 31-138] Pushed 1 inverter(s) to 1 load pin(s).
INFO: [Opt 31-10] Eliminated 216 cells.
Phase 2 Constant Propagation | Checksum: 1a6f69858

Time (s): cpu = 00:00:00.49 ; elapsed = 00:00:00.47 . Memory (MB): peak = 1666.820 ; gain = 1.000 ; free physical = 174 ; free virtual = 2835

Phase 3 Sweep
INFO: [Opt 31-12] Eliminated 407 unconnected nets.
INFO: [Opt 31-11] Eliminated 361 unconnected cells.
Phase 3 Sweep | Checksum: 23f1e7a05

Time (s): cpu = 00:00:00.79 ; elapsed = 00:00:00.77 . Memory (MB): peak = 1666.820 ; gain = 1.000 ; free physical = 174 ; free virtual = 2835

Starting Connectivity Check Task

Time (s): cpu = 00:00:00 ; elapsed = 00:00:00 . Memory (MB): peak = 1666.820 ; gain = 0.000 ; free physical = 174 ; free virtual = 2835
Ending Logic Optimization Task | Checksum: 23f1e7a05

Time (s): cpu = 00:00:00.80 ; elapsed = 00:00:00.78 . Memory (MB): peak = 1666.820 ; gain = 1.000 ; free physical = 174 ; free virtual = 2834
Implement Debug Cores | Checksum: 1a1856ab4
Logic Optimization | Checksum: 1a1856ab4

Starting Power Optimization Task
INFO: [Pwropt 34-132] Skipping clock gating for clocks with a period < 3.12 ns.
Ending Power Optimization Task | Checksum: 23f1e7a05

Time (s): cpu = 00:00:00.03 ; elapsed = 00:00:00.03 . Memory (MB): peak = 1666.820 ; gain = 0.000 ; free physical = 173 ; free virtual = 2834
INFO: [Common 17-83] Releasing license: Implementation
20 Infos, 1 Warnings, 0 Critical Warnings and 0 Errors encountered.
opt_design completed successfully
opt_design: Time (s): cpu = 00:00:08 ; elapsed = 00:00:09 . Memory (MB): peak = 1666.820 ; gain = 451.520 ; free physical = 173 ; free virtual = 2834
Writing placer database...
Writing XDEF routing.
Writing XDEF routing logical nets.
Writing XDEF routing special nets.
Write XDEF Complete: Time (s): cpu = 00:00:00.07 ; elapsed = 00:00:00.03 . Memory (MB): peak = 1698.836 ; gain = 0.000 ; free physical = 171 ; free virtual = 2834
INFO: [DRC 23-27] Running DRC with 4 threads
INFO: [Coretcl 2-168] The results of DRC are in file /home/nolan/Documents/Vivado/project_1/project_1.runs/impl_1/design_1_wrapper_drc_opted.rpt.
Command: place_design
Attempting to get a license for feature 'Implementation' and/or device 'xc7z010'
INFO: [Common 17-349] Got license for feature 'Implementation' and/or device 'xc7z010'
INFO: [DRC 23-27] Running DRC with 4 threads
INFO: [Vivado_Tcl 4-198] DRC finished with 0 Errors
INFO: [Vivado_Tcl 4-199] Please refer to the DRC report (report_drc) for more information.
Running DRC as a precondition to command place_design
INFO: [DRC 23-27] Running DRC with 4 threads
INFO: [Vivado_Tcl 4-198] DRC finished with 0 Errors
INFO: [Vivado_Tcl 4-199] Please refer to the DRC report (report_drc) for more information.

Starting Placer Task
INFO: [Place 30-611] Multithreading enabled for place_design using a maximum of 4 CPUs

Phase 1 Placer Runtime Estimator
Phase 1 Placer Runtime Estimator | Checksum: 16d327b14

Time (s): cpu = 00:00:00.04 ; elapsed = 00:00:00.04 . Memory (MB): peak = 1698.848 ; gain = 0.000 ; free physical = 161 ; free virtual = 2827

Phase 2 Placer Initialization
Netlist sorting complete. Time (s): cpu = 00:00:00 ; elapsed = 00:00:00.01 . Memory (MB): peak = 1698.848 ; gain = 0.000 ; free physical = 161 ; free virtual = 2827
Netlist sorting complete. Time (s): cpu = 00:00:00 ; elapsed = 00:00:00 . Memory (MB): peak = 1698.848 ; gain = 0.000 ; free physical = 161 ; free virtual = 2827

Phase 2.1 IO Placement/ Clock Placement/ Build Placer Device

Phase 2.1.1 Pre-Place Cells
Phase 2.1.1 Pre-Place Cells | Checksum: a9515ed6

Time (s): cpu = 00:00:00.08 ; elapsed = 00:00:00.09 . Memory (MB): peak = 1698.848 ; gain = 0.000 ; free physical = 160 ; free virtual = 2827
WARNING: [Place 30-12] An IO Bus FIXED_IO_mio with more than one IO standard is found. Components associated with this bus are: 
	FIXED_IO_mio[53] of IOStandard LVCMOS18
	FIXED_IO_mio[52] of IOStandard LVCMOS18
	FIXED_IO_mio[51] of IOStandard LVCMOS18
	FIXED_IO_mio[50] of IOStandard LVCMOS18
	FIXED_IO_mio[49] of IOStandard LVCMOS18
	FIXED_IO_mio[48] of IOStandard LVCMOS18
	FIXED_IO_mio[47] of IOStandard LVCMOS18
	FIXED_IO_mio[46] of IOStandard LVCMOS18
	FIXED_IO_mio[45] of IOStandard LVCMOS18
	FIXED_IO_mio[44] of IOStandard LVCMOS18
	FIXED_IO_mio[43] of IOStandard LVCMOS18
	FIXED_IO_mio[42] of IOStandard LVCMOS18
	FIXED_IO_mio[41] of IOStandard LVCMOS18
	FIXED_IO_mio[40] of IOStandard LVCMOS18
	FIXED_IO_mio[39] of IOStandard LVCMOS18
	FIXED_IO_mio[38] of IOStandard LVCMOS18
	FIXED_IO_mio[37] of IOStandard LVCMOS18
	FIXED_IO_mio[36] of IOStandard LVCMOS18
	FIXED_IO_mio[35] of IOStandard LVCMOS18
	FIXED_IO_mio[34] of IOStandard LVCMOS18
	FIXED_IO_mio[33] of IOStandard LVCMOS18
	FIXED_IO_mio[32] of IOStandard LVCMOS18
	FIXED_IO_mio[31] of IOStandard LVCMOS18
	FIXED_IO_mio[30] of IOStandard LVCMOS18
	FIXED_IO_mio[29] of IOStandard LVCMOS18
	FIXED_IO_mio[28] of IOStandard LVCMOS18
	FIXED_IO_mio[27] of IOStandard HSTL_I_18
	FIXED_IO_mio[26] of IOStandard HSTL_I_18
	FIXED_IO_mio[25] of IOStandard HSTL_I_18
	FIXED_IO_mio[24] of IOStandard HSTL_I_18
	FIXED_IO_mio[23] of IOStandard HSTL_I_18
	FIXED_IO_mio[22] of IOStandard HSTL_I_18
	FIXED_IO_mio[21] of IOStandard HSTL_I_18
	FIXED_IO_mio[20] of IOStandard HSTL_I_18
	FIXED_IO_mio[19] of IOStandard HSTL_I_18
	FIXED_IO_mio[18] of IOStandard HSTL_I_18
	FIXED_IO_mio[17] of IOStandard HSTL_I_18
	FIXED_IO_mio[16] of IOStandard HSTL_I_18
	FIXED_IO_mio[15] of IOStandard LVCMOS33
	FIXED_IO_mio[14] of IOStandard LVCMOS33
	FIXED_IO_mio[13] of IOStandard LVCMOS33
	FIXED_IO_mio[12] of IOStandard LVCMOS33
	FIXED_IO_mio[11] of IOStandard LVCMOS33
	FIXED_IO_mio[10] of IOStandard LVCMOS33
	FIXED_IO_mio[9] of IOStandard LVCMOS33
	FIXED_IO_mio[8] of IOStandard LVCMOS33
	FIXED_IO_mio[7] of IOStandard LVCMOS33
	FIXED_IO_mio[6] of IOStandard LVCMOS33
	FIXED_IO_mio[5] of IOStandard LVCMOS33
	FIXED_IO_mio[4] of IOStandard LVCMOS33
	FIXED_IO_mio[3] of IOStandard LVCMOS33
	FIXED_IO_mio[2] of IOStandard LVCMOS33
	FIXED_IO_mio[1] of IOStandard LVCMOS33
	FIXED_IO_mio[0] of IOStandard LVCMOS33
INFO: [Timing 38-35] Done setting XDC timing constraints.

Phase 2.1.2 IO & Clk Clean Up
Phase 2.1.2 IO & Clk Clean Up | Checksum: a9515ed6

Time (s): cpu = 00:00:00.86 ; elapsed = 00:00:00.92 . Memory (MB): peak = 1717.836 ; gain = 18.988 ; free physical = 154 ; free virtual = 2825

Phase 2.1.3 Implementation Feasibility check On IDelay
Phase 2.1.3 Implementation Feasibility check On IDelay | Checksum: a9515ed6

Time (s): cpu = 00:00:00.87 ; elapsed = 00:00:00.93 . Memory (MB): peak = 1717.836 ; gain = 18.988 ; free physical = 154 ; free virtual = 2825

Phase 2.1.4 Commit IO Placement
Phase 2.1.4 Commit IO Placement | Checksum: 3b7a36c4

Time (s): cpu = 00:00:00.87 ; elapsed = 00:00:00.93 . Memory (MB): peak = 1717.836 ; gain = 18.988 ; free physical = 154 ; free virtual = 2825
Phase 2.1 IO Placement/ Clock Placement/ Build Placer Device | Checksum: 793e234e

Time (s): cpu = 00:00:00.87 ; elapsed = 00:00:00.93 . Memory (MB): peak = 1717.836 ; gain = 18.988 ; free physical = 154 ; free virtual = 2825

Phase 2.2 Build Placer Netlist Model

Phase 2.2.1 Place Init Design

Phase 2.2.1.1 Init Lut Pin Assignment
Phase 2.2.1.1 Init Lut Pin Assignment | Checksum: 179fcf8a6

Time (s): cpu = 00:00:00.95 ; elapsed = 00:00:01 . Memory (MB): peak = 1717.836 ; gain = 18.988 ; free physical = 151 ; free virtual = 2824
Phase 2.2.1 Place Init Design | Checksum: 20237762b

Time (s): cpu = 00:00:01 ; elapsed = 00:00:01 . Memory (MB): peak = 1717.836 ; gain = 18.988 ; free physical = 143 ; free virtual = 2817
Phase 2.2 Build Placer Netlist Model | Checksum: 20237762b

Time (s): cpu = 00:00:01 ; elapsed = 00:00:01 . Memory (MB): peak = 1717.836 ; gain = 18.988 ; free physical = 143 ; free virtual = 2817

Phase 2.3 Constrain Clocks/Macros

Phase 2.3.1 Constrain Global/Regional Clocks
Phase 2.3.1 Constrain Global/Regional Clocks | Checksum: 20237762b

Time (s): cpu = 00:00:01 ; elapsed = 00:00:01 . Memory (MB): peak = 1717.836 ; gain = 18.988 ; free physical = 143 ; free virtual = 2817
Phase 2.3 Constrain Clocks/Macros | Checksum: 20237762b

Time (s): cpu = 00:00:01 ; elapsed = 00:00:01 . Memory (MB): peak = 1717.836 ; gain = 18.988 ; free physical = 143 ; free virtual = 2817
Phase 2 Placer Initialization | Checksum: 20237762b

Time (s): cpu = 00:00:01 ; elapsed = 00:00:01 . Memory (MB): peak = 1717.836 ; gain = 18.988 ; free physical = 142 ; free virtual = 2816

Phase 3 Global Placement
Phase 3 Global Placement | Checksum: 16ce9944a

Time (s): cpu = 00:00:03 ; elapsed = 00:00:02 . Memory (MB): peak = 1733.844 ; gain = 34.996 ; free physical = 133 ; free virtual = 2808

Phase 4 Detail Placement

Phase 4.1 Commit Multi Column Macros
Phase 4.1 Commit Multi Column Macros | Checksum: 16ce9944a

Time (s): cpu = 00:00:03 ; elapsed = 00:00:02 . Memory (MB): peak = 1733.844 ; gain = 34.996 ; free physical = 133 ; free virtual = 2808

Phase 4.2 Commit Most Macros & LUTRAMs
Phase 4.2 Commit Most Macros & LUTRAMs | Checksum: 1c0146ca8

Time (s): cpu = 00:00:04 ; elapsed = 00:00:02 . Memory (MB): peak = 1733.844 ; gain = 34.996 ; free physical = 133 ; free virtual = 2808

Phase 4.3 Area Swap Optimization
Phase 4.3 Area Swap Optimization | Checksum: 1cb6fa6a8

Time (s): cpu = 00:00:04 ; elapsed = 00:00:02 . Memory (MB): peak = 1733.844 ; gain = 34.996 ; free physical = 133 ; free virtual = 2808

Phase 4.4 updateClock Trees: DP
Phase 4.4 updateClock Trees: DP | Checksum: 1cb6fa6a8

Time (s): cpu = 00:00:04 ; elapsed = 00:00:02 . Memory (MB): peak = 1733.844 ; gain = 34.996 ; free physical = 133 ; free virtual = 2808

Phase 4.5 Timing Path Optimizer
Phase 4.5 Timing Path Optimizer | Checksum: 1dc51a996

Time (s): cpu = 00:00:04 ; elapsed = 00:00:02 . Memory (MB): peak = 1733.844 ; gain = 34.996 ; free physical = 133 ; free virtual = 2808

Phase 4.6 Small Shape Detail Placement

Phase 4.6.1 Commit Small Macros & Core Logic

Phase 4.6.1.1 setBudgets
Phase 4.6.1.1 setBudgets | Checksum: 203db7f36

Time (s): cpu = 00:00:04 ; elapsed = 00:00:02 . Memory (MB): peak = 1733.844 ; gain = 34.996 ; free physical = 133 ; free virtual = 2808

Phase 4.6.1.2 Commit Slice Clusters
Phase 4.6.1.2 Commit Slice Clusters | Checksum: 2c7d5f19c

Time (s): cpu = 00:00:04 ; elapsed = 00:00:03 . Memory (MB): peak = 1733.844 ; gain = 34.996 ; free physical = 131 ; free virtual = 2807
Phase 4.6.1 Commit Small Macros & Core Logic | Checksum: 2c7d5f19c

Time (s): cpu = 00:00:04 ; elapsed = 00:00:03 . Memory (MB): peak = 1733.844 ; gain = 34.996 ; free physical = 131 ; free virtual = 2807

Phase 4.6.2 Clock Restriction Legalization for Leaf Columns
Phase 4.6.2 Clock Restriction Legalization for Leaf Columns | Checksum: 2c7d5f19c

Time (s): cpu = 00:00:04 ; elapsed = 00:00:03 . Memory (MB): peak = 1733.844 ; gain = 34.996 ; free physical = 131 ; free virtual = 2807

Phase 4.6.3 Clock Restriction Legalization for Non-Clock Pins
Phase 4.6.3 Clock Restriction Legalization for Non-Clock Pins | Checksum: 2c7d5f19c

Time (s): cpu = 00:00:04 ; elapsed = 00:00:03 . Memory (MB): peak = 1733.844 ; gain = 34.996 ; free physical = 131 ; free virtual = 2807
Phase 4.6 Small Shape Detail Placement | Checksum: 2c7d5f19c

Time (s): cpu = 00:00:04 ; elapsed = 00:00:03 . Memory (MB): peak = 1733.844 ; gain = 34.996 ; free physical = 131 ; free virtual = 2807

Phase 4.7 Re-assign LUT pins
Phase 4.7 Re-assign LUT pins | Checksum: 2c7d5f19c

Time (s): cpu = 00:00:04 ; elapsed = 00:00:03 . Memory (MB): peak = 1733.844 ; gain = 34.996 ; free physical = 131 ; free virtual = 2807
Phase 4 Detail Placement | Checksum: 2c7d5f19c

Time (s): cpu = 00:00:04 ; elapsed = 00:00:03 . Memory (MB): peak = 1733.844 ; gain = 34.996 ; free physical = 131 ; free virtual = 2807

Phase 5 Post Placement Optimization and Clean-Up

Phase 5.1 PCOPT Shape updates
Phase 5.1 PCOPT Shape updates | Checksum: 29cd661b2

Time (s): cpu = 00:00:04 ; elapsed = 00:00:03 . Memory (MB): peak = 1733.844 ; gain = 34.996 ; free physical = 131 ; free virtual = 2807

Phase 5.2 Post Commit Optimization

Phase 5.2.1 updateClock Trees: PCOPT
Phase 5.2.1 updateClock Trees: PCOPT | Checksum: 29cd661b2

Time (s): cpu = 00:00:04 ; elapsed = 00:00:03 . Memory (MB): peak = 1733.844 ; gain = 34.996 ; free physical = 131 ; free virtual = 2807

Phase 5.2.2 Post Placement Optimization

Phase 5.2.2.1 Post Placement Timing Optimization
INFO: [Place 30-746] Post Placement Timing Summary WNS=0.660. For the most accurate timing information please run report_timing.
Phase 5.2.2.1 Post Placement Timing Optimization | Checksum: 21161ad49

Time (s): cpu = 00:00:05 ; elapsed = 00:00:03 . Memory (MB): peak = 1733.844 ; gain = 34.996 ; free physical = 131 ; free virtual = 2807
Phase 5.2.2 Post Placement Optimization | Checksum: 21161ad49

Time (s): cpu = 00:00:05 ; elapsed = 00:00:03 . Memory (MB): peak = 1733.844 ; gain = 34.996 ; free physical = 131 ; free virtual = 2807
Phase 5.2 Post Commit Optimization | Checksum: 21161ad49

Time (s): cpu = 00:00:05 ; elapsed = 00:00:03 . Memory (MB): peak = 1733.844 ; gain = 34.996 ; free physical = 131 ; free virtual = 2807

Phase 5.3 Sweep Clock Roots: Post-Placement
Phase 5.3 Sweep Clock Roots: Post-Placement | Checksum: 21161ad49

Time (s): cpu = 00:00:05 ; elapsed = 00:00:03 . Memory (MB): peak = 1733.844 ; gain = 34.996 ; free physical = 131 ; free virtual = 2807

Phase 5.4 Post Placement Cleanup
Phase 5.4 Post Placement Cleanup | Checksum: 21161ad49

Time (s): cpu = 00:00:05 ; elapsed = 00:00:03 . Memory (MB): peak = 1733.844 ; gain = 34.996 ; free physical = 131 ; free virtual = 2807

Phase 5.5 Placer Reporting

Phase 5.5.1 Restore STA
Phase 5.5.1 Restore STA | Checksum: 21161ad49

Time (s): cpu = 00:00:05 ; elapsed = 00:00:03 . Memory (MB): peak = 1733.844 ; gain = 34.996 ; free physical = 131 ; free virtual = 2807
Phase 5.5 Placer Reporting | Checksum: 21161ad49

Time (s): cpu = 00:00:05 ; elapsed = 00:00:03 . Memory (MB): peak = 1733.844 ; gain = 34.996 ; free physical = 131 ; free virtual = 2807

Phase 5.6 Final Placement Cleanup
Phase 5.6 Final Placement Cleanup | Checksum: 22da3a979

Time (s): cpu = 00:00:05 ; elapsed = 00:00:03 . Memory (MB): peak = 1733.844 ; gain = 34.996 ; free physical = 131 ; free virtual = 2807
Phase 5 Post Placement Optimization and Clean-Up | Checksum: 22da3a979

Time (s): cpu = 00:00:05 ; elapsed = 00:00:03 . Memory (MB): peak = 1733.844 ; gain = 34.996 ; free physical = 131 ; free virtual = 2807
Ending Placer Task | Checksum: 1e538c8e7

Time (s): cpu = 00:00:05 ; elapsed = 00:00:03 . Memory (MB): peak = 1733.844 ; gain = 34.996 ; free physical = 131 ; free virtual = 2807
INFO: [Common 17-83] Releasing license: Implementation
33 Infos, 2 Warnings, 0 Critical Warnings and 0 Errors encountered.
place_design completed successfully
Writing placer database...
Writing XDEF routing.
Writing XDEF routing logical nets.
Writing XDEF routing special nets.
Write XDEF Complete: Time (s): cpu = 00:00:00.34 ; elapsed = 00:00:00.12 . Memory (MB): peak = 1733.844 ; gain = 0.000 ; free physical = 127 ; free virtual = 2808
report_io: Time (s): cpu = 00:00:00.05 ; elapsed = 00:00:00.10 . Memory (MB): peak = 1733.844 ; gain = 0.000 ; free physical = 123 ; free virtual = 2801
report_utilization: Time (s): cpu = 00:00:00.04 ; elapsed = 00:00:00.07 . Memory (MB): peak = 1733.844 ; gain = 0.000 ; free physical = 123 ; free virtual = 2801
report_control_sets: Time (s): cpu = 00:00:00 ; elapsed = 00:00:00.04 . Memory (MB): peak = 1733.844 ; gain = 0.000 ; free physical = 123 ; free virtual = 2801
Command: route_design
Attempting to get a license for feature 'Implementation' and/or device 'xc7z010'
INFO: [Common 17-349] Got license for feature 'Implementation' and/or device 'xc7z010'
Running DRC as a precondition to command route_design
INFO: [DRC 23-27] Running DRC with 4 threads
WARNING: [DRC 23-20] Rule violation (PLIO-7) Placement Constraints Check for IO constraints - An IO Bus FIXED_IO_mio[53:0] with more than one IO standard is found. Components associated with this bus are:  FIXED_IO_mio[53] of IOStandard LVCMOS18; FIXED_IO_mio[52] of IOStandard LVCMOS18; FIXED_IO_mio[51] of IOStandard LVCMOS18; FIXED_IO_mio[50] of IOStandard LVCMOS18; FIXED_IO_mio[49] of IOStandard LVCMOS18; FIXED_IO_mio[48] of IOStandard LVCMOS18; FIXED_IO_mio[47] of IOStandard LVCMOS18; FIXED_IO_mio[46] of IOStandard LVCMOS18; FIXED_IO_mio[45] of IOStandard LVCMOS18; FIXED_IO_mio[44] of IOStandard LVCMOS18; FIXED_IO_mio[43] of IOStandard LVCMOS18; FIXED_IO_mio[42] of IOStandard LVCMOS18; FIXED_IO_mio[41] of IOStandard LVCMOS18; FIXED_IO_mio[40] of IOStandard LVCMOS18; FIXED_IO_mio[39] of IOStandard LVCMOS18; FIXED_IO_mio[38] of IOStandard LVCMOS18; FIXED_IO_mio[37] of IOStandard LVCMOS18; FIXED_IO_mio[36] of IOStandard LVCMOS18; FIXED_IO_mio[35] of IOStandard LVCMOS18; FIXED_IO_mio[34] of IOStandard LVCMOS18; FIXED_IO_mio[33] of IOStandard LVCMOS18; FIXED_IO_mio[32] of IOStandard LVCMOS18; FIXED_IO_mio[31] of IOStandard LVCMOS18; FIXED_IO_mio[30] of IOStandard LVCMOS18; FIXED_IO_mio[29] of IOStandard LVCMOS18; FIXED_IO_mio[28] of IOStandard LVCMOS18; FIXED_IO_mio[27] of IOStandard HSTL_I_18; FIXED_IO_mio[26] of IOStandard HSTL_I_18; FIXED_IO_mio[25] of IOStandard HSTL_I_18; FIXED_IO_mio[24] of IOStandard HSTL_I_18; FIXED_IO_mio[23] of IOStandard HSTL_I_18; FIXED_IO_mio[22] of IOStandard HSTL_I_18; FIXED_IO_mio[21] of IOStandard HSTL_I_18; FIXED_IO_mio[20] of IOStandard HSTL_I_18; FIXED_IO_mio[19] of IOStandard HSTL_I_18; FIXED_IO_mio[18] of IOStandard HSTL_I_18; FIXED_IO_mio[17] of IOStandard HSTL_I_18; FIXED_IO_mio[16] of IOStandard HSTL_I_18; FIXED_IO_mio[15] of IOStandard LVCMOS33; FIXED_IO_mio[14] of IOStandard LVCMOS33; FIXED_IO_mio[13] of IOStandard LVCMOS33; FIXED_IO_mio[12] of IOStandard LVCMOS33; FIXED_IO_mio[11] of IOStandard LVCMOS33; FIXED_IO_mio[10] of IOStandard LVCMOS33; FIXED_IO_mio[9] of IOStandard LVCMOS33; FIXED_IO_mio[8] of IOStandard LVCMOS33; FIXED_IO_mio[7] of IOStandard LVCMOS33; FIXED_IO_mio[6] of IOStandard LVCMOS33; FIXED_IO_mio[5] of IOStandard LVCMOS33; FIXED_IO_mio[4] of IOStandard LVCMOS33; FIXED_IO_mio[3] of IOStandard LVCMOS33; FIXED_IO_mio[2] of IOStandard LVCMOS33; FIXED_IO_mio[1] of IOStandard LVCMOS33; FIXED_IO_mio[0] of IOStandard LVCMOS33;
INFO: [Vivado_Tcl 4-198] DRC finished with 0 Errors, 1 Warnings
INFO: [Vivado_Tcl 4-199] Please refer to the DRC report (report_drc) for more information.


Starting Routing Task
INFO: [Route 35-254] Multithreading enabled for route_design using a maximum of 4 CPUs

Phase 1 Build RT Design
Phase 1 Build RT Design | Checksum: 6e356eb9

Time (s): cpu = 00:00:08 ; elapsed = 00:00:07 . Memory (MB): peak = 1738.832 ; gain = 4.988 ; free physical = 124 ; free virtual = 2743

Phase 2 Router Initialization

Phase 2.1 Create Timer
Phase 2.1 Create Timer | Checksum: 6e356eb9

Time (s): cpu = 00:00:08 ; elapsed = 00:00:07 . Memory (MB): peak = 1742.832 ; gain = 8.988 ; free physical = 123 ; free virtual = 2742

Phase 2.2 Pre Route Cleanup
Phase 2.2 Pre Route Cleanup | Checksum: 6e356eb9

Time (s): cpu = 00:00:08 ; elapsed = 00:00:07 . Memory (MB): peak = 1756.832 ; gain = 22.988 ; free physical = 140 ; free virtual = 2729
 Number of Nodes with overlaps = 0

Phase 2.3 Update Timing
Phase 2.3 Update Timing | Checksum: 18bb73c5b

Time (s): cpu = 00:00:09 ; elapsed = 00:00:07 . Memory (MB): peak = 1768.832 ; gain = 34.988 ; free physical = 135 ; free virtual = 2717
INFO: [Route 35-57] Estimated Timing Summary | WNS=0.820  | TNS=0.000  | WHS=-0.145 | THS=-23.214|

Phase 2 Router Initialization | Checksum: 16413ff01

Time (s): cpu = 00:00:09 ; elapsed = 00:00:07 . Memory (MB): peak = 1768.832 ; gain = 34.988 ; free physical = 135 ; free virtual = 2717

Phase 3 Initial Routing
Phase 3 Initial Routing | Checksum: 1d96882ab

Time (s): cpu = 00:00:09 ; elapsed = 00:00:07 . Memory (MB): peak = 1768.832 ; gain = 34.988 ; free physical = 135 ; free virtual = 2717

Phase 4 Rip-up And Reroute

Phase 4.1 Global Iteration 0
 Number of Nodes with overlaps = 422
 Number of Nodes with overlaps = 61
 Number of Nodes with overlaps = 17
 Number of Nodes with overlaps = 9
 Number of Nodes with overlaps = 4
 Number of Nodes with overlaps = 4
 Number of Nodes with overlaps = 0

Phase 4.1.1 Update Timing
Phase 4.1.1 Update Timing | Checksum: 1c63ca2fc

Time (s): cpu = 00:00:11 ; elapsed = 00:00:08 . Memory (MB): peak = 1768.832 ; gain = 34.988 ; free physical = 135 ; free virtual = 2716
INFO: [Route 35-57] Estimated Timing Summary | WNS=0.531  | TNS=0.000  | WHS=N/A    | THS=N/A    |

Phase 4.1 Global Iteration 0 | Checksum: 14d199ece

Time (s): cpu = 00:00:11 ; elapsed = 00:00:08 . Memory (MB): peak = 1768.832 ; gain = 34.988 ; free physical = 135 ; free virtual = 2716
Phase 4 Rip-up And Reroute | Checksum: 14d199ece

Time (s): cpu = 00:00:11 ; elapsed = 00:00:08 . Memory (MB): peak = 1768.832 ; gain = 34.988 ; free physical = 135 ; free virtual = 2716

Phase 5 Delay and Skew Optimization

Phase 5.1 Delay CleanUp

Phase 5.1.1 Update Timing
Phase 5.1.1 Update Timing | Checksum: 1aea39ad6

Time (s): cpu = 00:00:12 ; elapsed = 00:00:08 . Memory (MB): peak = 1768.832 ; gain = 34.988 ; free physical = 135 ; free virtual = 2716
INFO: [Route 35-57] Estimated Timing Summary | WNS=0.646  | TNS=0.000  | WHS=N/A    | THS=N/A    |

Phase 5.1 Delay CleanUp | Checksum: 1aea39ad6

Time (s): cpu = 00:00:12 ; elapsed = 00:00:08 . Memory (MB): peak = 1768.832 ; gain = 34.988 ; free physical = 135 ; free virtual = 2716

Phase 5.2 Clock Skew Optimization
Phase 5.2 Clock Skew Optimization | Checksum: 1aea39ad6

Time (s): cpu = 00:00:12 ; elapsed = 00:00:08 . Memory (MB): peak = 1768.832 ; gain = 34.988 ; free physical = 135 ; free virtual = 2716
Phase 5 Delay and Skew Optimization | Checksum: 1aea39ad6

Time (s): cpu = 00:00:12 ; elapsed = 00:00:08 . Memory (MB): peak = 1768.832 ; gain = 34.988 ; free physical = 135 ; free virtual = 2716

Phase 6 Post Hold Fix

Phase 6.1 Update Timing
Phase 6.1 Update Timing | Checksum: 137bb809f

Time (s): cpu = 00:00:12 ; elapsed = 00:00:09 . Memory (MB): peak = 1768.832 ; gain = 34.988 ; free physical = 135 ; free virtual = 2717
INFO: [Route 35-57] Estimated Timing Summary | WNS=0.646  | TNS=0.000  | WHS=0.021  | THS=0.000  |

Phase 6 Post Hold Fix | Checksum: 154f49b85

Time (s): cpu = 00:00:12 ; elapsed = 00:00:09 . Memory (MB): peak = 1768.832 ; gain = 34.988 ; free physical = 135 ; free virtual = 2717

Phase 7 Route finalize

Router Utilization Summary
  Global Vertical Routing Utilization    = 0.808277 %
  Global Horizontal Routing Utilization  = 1.2994 %
  Routable Net Status*
  *Does not include unroutable nets such as driverless and loadless.
  Run report_route_status for detailed report.
  Number of Failed Nets               = 0
  Number of Unrouted Nets             = 0
  Number of Partially Routed Nets     = 0
  Number of Node Overlaps             = 0

Phase 7 Route finalize | Checksum: 162bcd51d

Time (s): cpu = 00:00:12 ; elapsed = 00:00:09 . Memory (MB): peak = 1768.832 ; gain = 34.988 ; free physical = 135 ; free virtual = 2717

Phase 8 Verifying routed nets

 Verification completed successfully
Phase 8 Verifying routed nets | Checksum: 162bcd51d

Time (s): cpu = 00:00:12 ; elapsed = 00:00:09 . Memory (MB): peak = 1768.832 ; gain = 34.988 ; free physical = 135 ; free virtual = 2717

Phase 9 Depositing Routes
Phase 9 Depositing Routes | Checksum: b745ff50

Time (s): cpu = 00:00:12 ; elapsed = 00:00:09 . Memory (MB): peak = 1768.832 ; gain = 34.988 ; free physical = 135 ; free virtual = 2717

Phase 10 Post Router Timing
INFO: [Route 35-57] Estimated Timing Summary | WNS=0.646  | TNS=0.000  | WHS=0.021  | THS=0.000  |

INFO: [Route 35-327] The final timing numbers are based on the router estimated timing analysis. For a complete and accurate timing signoff, please run report_timing_summary.
Phase 10 Post Router Timing | Checksum: b745ff50

Time (s): cpu = 00:00:12 ; elapsed = 00:00:09 . Memory (MB): peak = 1768.832 ; gain = 34.988 ; free physical = 135 ; free virtual = 2717
INFO: [Route 35-16] Router Completed Successfully

Time (s): cpu = 00:00:12 ; elapsed = 00:00:09 . Memory (MB): peak = 1768.832 ; gain = 34.988 ; free physical = 135 ; free virtual = 2717

Routing Is Done.
INFO: [Common 17-83] Releasing license: Implementation
46 Infos, 3 Warnings, 0 Critical Warnings and 0 Errors encountered.
route_design completed successfully
route_design: Time (s): cpu = 00:00:12 ; elapsed = 00:00:09 . Memory (MB): peak = 1787.246 ; gain = 53.402 ; free physical = 135 ; free virtual = 2717
Writing placer database...
Writing XDEF routing.
Writing XDEF routing logical nets.
Writing XDEF routing special nets.
Write XDEF Complete: Time (s): cpu = 00:00:00.38 ; elapsed = 00:00:00.13 . Memory (MB): peak = 1803.094 ; gain = 0.000 ; free physical = 130 ; free virtual = 2717
INFO: [DRC 23-27] Running DRC with 4 threads
INFO: [Coretcl 2-168] The results of DRC are in file /home/nolan/Documents/Vivado/project_1/project_1.runs/impl_1/design_1_wrapper_drc_routed.rpt.
INFO: [Timing 38-91] UpdateTimingParams: Speed grade: -1, Delay Type: min_max.
INFO: [Timing 38-191] Multithreading enabled for timing update using a maximum of 4 CPUs
Running Vector-less Activity Propagation...

Finished Running Vector-less Activity Propagation
Attempting to get a license for feature 'Implementation' and/or device 'xc7z010'
INFO: [Common 17-349] Got license for feature 'Implementation' and/or device 'xc7z010'
Running DRC as a precondition to command write_bitstream
INFO: [DRC 23-27] Running DRC with 4 threads
INFO: [Vivado 12-3199] DRC finished with 0 Errors
INFO: [Vivado 12-3200] Please refer to the DRC report (report_drc) for more information.
Loading data files...
Loading site data...
Loading route data...
Processing options...
Creating bitmap...
Creating bitstream...
Writing bitstream ./design_1_wrapper.bit...
INFO: [Vivado 12-1842] Bitgen Completed Successfully.
INFO: [Project 1-118] WebTalk data collection is enabled (User setting is ON. Install Setting is ON.).
INFO: [Common 17-186] '/home/nolan/Documents/Vivado/project_1/project_1.runs/impl_1/usage_statistics_webtalk.xml' has been successfully sent to Xilinx on Fri May 22 01:31:37 2015. For additional details about this file, please refer to the WebTalk help file at /home/nolan/Apps/xilinx/Vivado/2015.1/doc/webtalk_introduction.html.
INFO: [Common 17-83] Releasing license: Implementation
write_bitstream: Time (s): cpu = 00:00:09 ; elapsed = 00:00:10 . Memory (MB): peak = 2119.512 ; gain = 284.387 ; free physical = 137 ; free virtual = 2389
INFO: [Common 17-206] Exiting Vivado at Fri May 22 01:31:37 2015...
